Сборка начата 11.03.2017 15:59:22.
     1>Проект "E:\Програми\Diploma\Copy\QuickAuthentication.v2\QuickAuthentication\QuickAuthentication.vcxproj" в узле 2 (целевые объекты Build).
     1>ClCompile:
         C:\Program Files (x86)\Microsoft Visual Studio 12.0\VC\bin\CL.exe /c /ZI /nologo /W3 /WX- /sdl /Od /Oy- /D WIN32 /D _DEBUG /D _CONSOLE /D _LIB /D _UNICODE /D UNICODE /Gm /EHsc /RTC1 /MDd /GS /fp:precise /Zc:wchar_t /Zc:forScope /Fo"Debug\\" /Fd"Debug\vc120.pdb" /Gd /TP /analyze- /errorReport:prompt BasicOperations.cpp BitOperations.cpp ComparationOperationsWithSmallNumbers.cpp ComparisonOperation.cpp Convert.cpp Cryptography.cpp Main.cpp Operations.cpp OperationsForVector.cpp OperationsWithSmallNumbers.cpp PrimeGenerator.cpp
         BasicOperations.cpp
     1>e:\програми\diploma\copy\quickauthentication.v2\quickauthentication\basicoperations.cpp(85): warning C4244: инициализация: преобразование "__int64" в "int", возможна потеря данных
         Создание кода...
         Компиляция...
         PrimeGenerator.cpp
     1>e:\програми\diploma\copy\quickauthentication.v2\quickauthentication\primegenerator.cpp(6): warning C4018: <: несоответствие типов со знаком и без знака
     1>e:\програми\diploma\copy\quickauthentication.v2\quickauthentication\primegenerator.cpp(19): warning C4620: не найдена постфиксная форма "operator ++" для типа "BigInt"; используется префиксная форма
                 e:\програми\diploma\copy\quickauthentication.v2\quickauthentication\bigint.h(6): см. объявление "BigInt"
     1>e:\програми\diploma\copy\quickauthentication.v2\quickauthentication\primegenerator.cpp(26): warning C4620: не найдена постфиксная форма "operator ++" для типа "BigInt"; используется префиксная форма
                 e:\програми\diploma\copy\quickauthentication.v2\quickauthentication\bigint.h(6): см. объявление "BigInt"
     1>e:\програми\diploma\copy\quickauthentication.v2\quickauthentication\primegenerator.cpp(45): warning C4621: не найдена постфиксная форма "operator --" для типа "BigInt"; используется префиксная форма
                 e:\програми\diploma\copy\quickauthentication.v2\quickauthentication\bigint.h(6): см. объявление "BigInt"
     1>e:\програми\diploma\copy\quickauthentication.v2\quickauthentication\primegenerator.cpp(46): warning C4620: не найдена постфиксная форма "operator ++" для типа "BigInt"; используется префиксная форма
                 e:\програми\diploma\copy\quickauthentication.v2\quickauthentication\bigint.h(6): см. объявление "BigInt"
     1>e:\програми\diploma\copy\quickauthentication.v2\quickauthentication\primegenerator.cpp(64): warning C4621: не найдена постфиксная форма "operator --" для типа "BigInt"; используется префиксная форма
                 e:\програми\diploma\copy\quickauthentication.v2\quickauthentication\bigint.h(6): см. объявление "BigInt"
     1>e:\програми\diploma\copy\quickauthentication.v2\quickauthentication\primegenerator.cpp(90): warning C4018: <: несоответствие типов со знаком и без знака
     1>e:\програми\diploma\copy\quickauthentication.v2\quickauthentication\primegenerator.cpp(106): warning C4018: <: несоответствие типов со знаком и без знака
     1>e:\програми\diploma\copy\quickauthentication.v2\quickauthentication\primegenerator.cpp(127): warning C4018: <: несоответствие типов со знаком и без знака
         OperationsWithSmallNumbers.cpp
     1>e:\програми\diploma\copy\quickauthentication.v2\quickauthentication\operationswithsmallnumbers.cpp(53): warning C4244: =: преобразование "__int64" в "int", возможна потеря данных
         OperationsForVector.cpp
     1>e:\програми\diploma\copy\quickauthentication.v2\quickauthentication\operationsforvector.cpp(14): warning C4018: <: несоответствие типов со знаком и без знака
     1>e:\програми\diploma\copy\quickauthentication.v2\quickauthentication\operationsforvector.cpp(20): warning C4018: <: несоответствие типов со знаком и без знака
     1>e:\програми\diploma\copy\quickauthentication.v2\quickauthentication\operationsforvector.cpp(27): warning C4018: <: несоответствие типов со знаком и без знака
     1>e:\програми\diploma\copy\quickauthentication.v2\quickauthentication\operationsforvector.cpp(50): warning C4018: <: несоответствие типов со знаком и без знака
     1>e:\програми\diploma\copy\quickauthentication.v2\quickauthentication\operationsforvector.cpp(65): warning C4018: <: несоответствие типов со знаком и без знака
     1>e:\програми\diploma\copy\quickauthentication.v2\quickauthentication\operationsforvector.cpp(89): warning C4244: аргумент: преобразование "__int64" в "unsigned int", возможна потеря данных
     1>e:\програми\diploma\copy\quickauthentication.v2\quickauthentication\operationsforvector.cpp(99): warning C4018: <: несоответствие типов со знаком и без знака
         Operations.cpp
     1>e:\програми\diploma\copy\quickauthentication.v2\quickauthentication\operations.cpp(23): warning C4244: аргумент: преобразование "__int64" в "unsigned int", возможна потеря данных
     1>e:\програми\diploma\copy\quickauthentication.v2\quickauthentication\operations.cpp(63): warning C4018: <: несоответствие типов со знаком и без знака
     1>e:\програми\diploma\copy\quickauthentication.v2\quickauthentication\operations.cpp(112): warning C4244: аргумент: преобразование "__int64" в "unsigned int", возможна потеря данных
     1>e:\програми\diploma\copy\quickauthentication.v2\quickauthentication\operations.cpp(117): warning C4244: аргумент: преобразование "__int64" в "unsigned int", возможна потеря данных
     1>e:\програми\diploma\copy\quickauthentication.v2\quickauthentication\operations.cpp(120): warning C4244: аргумент: преобразование "__int64" в "unsigned int", возможна потеря данных
     1>e:\програми\diploma\copy\quickauthentication.v2\quickauthentication\operations.cpp(122): warning C4244: аргумент: преобразование "__int64" в "unsigned int", возможна потеря данных
     1>e:\програми\diploma\copy\quickauthentication.v2\quickauthentication\operations.cpp(130): warning C4621: не найдена постфиксная форма "operator --" для типа "BigInt"; используется префиксная форма
                 e:\програми\diploma\copy\quickauthentication.v2\quickauthentication\bigint.h(6): см. объявление "BigInt"
     1>e:\програми\diploma\copy\quickauthentication.v2\quickauthentication\operations.cpp(145): warning C4621: не найдена постфиксная форма "operator --" для типа "BigInt"; используется префиксная форма
                 e:\програми\diploma\copy\quickauthentication.v2\quickauthentication\bigint.h(6): см. объявление "BigInt"
     1>c:\program files (x86)\microsoft visual studio 12.0\vc\include\xmemory0(600): warning C4244: аргумент: преобразование "const __int64" в "const std::complex<double>::_Ty", возможна потеря данных
                 c:\program files (x86)\microsoft visual studio 12.0\vc\include\xmemory0(723): см. ссылку на создание экземпляров функции шаблон при компиляции "void std::allocator<_Ty>::construct<_Objty,const __int64&>(_Objty *,const __int64 &)"
                 with
                 [
                     _Ty=std::complex<double>
         ,            _Objty=std::complex<double>
                 ]
                 c:\program files (x86)\microsoft visual studio 12.0\vc\include\xmemory0(723): см. ссылку на создание экземпляров функции шаблон при компиляции "void std::allocator<_Ty>::construct<_Objty,const __int64&>(_Objty *,const __int64 &)"
                 with
                 [
                     _Ty=std::complex<double>
         ,            _Objty=std::complex<double>
                 ]
                 c:\program files (x86)\microsoft visual studio 12.0\vc\include\xmemory0(872): см. ссылку на создание экземпляров функции шаблон при компиляции "void std::allocator_traits<_Alloc>::construct<_Ty,const __int64&>(std::allocator<_Ty> &,_Objty *,const __int64 &)"
                 with
                 [
                     _Alloc=std::allocator<std::complex<double>>
         ,            _Ty=std::complex<double>
         ,            _Objty=std::complex<double>
                 ]
                 c:\program files (x86)\microsoft visual studio 12.0\vc\include\xmemory0(872): см. ссылку на создание экземпляров функции шаблон при компиляции "void std::allocator_traits<_Alloc>::construct<_Ty,const __int64&>(std::allocator<_Ty> &,_Objty *,const __int64 &)"
                 with
                 [
                     _Alloc=std::allocator<std::complex<double>>
         ,            _Ty=std::complex<double>
         ,            _Objty=std::complex<double>
                 ]
                 c:\program files (x86)\microsoft visual studio 12.0\vc\include\xmemory(378): см. ссылку на создание экземпляров функции шаблон при компиляции "void std::_Wrap_alloc<std::allocator<_Ty>>::construct<std::complex<double>,const __int64&>(_Ty *,const __int64 &)"
                 with
                 [
                     _Ty=std::complex<double>
                 ]
                 c:\program files (x86)\microsoft visual studio 12.0\vc\include\xmemory(378): см. ссылку на создание экземпляров функции шаблон при компиляции "void std::_Wrap_alloc<std::allocator<_Ty>>::construct<std::complex<double>,const __int64&>(_Ty *,const __int64 &)"
                 with
                 [
                     _Ty=std::complex<double>
                 ]
                 c:\program files (x86)\microsoft visual studio 12.0\vc\include\xmemory(416): см. ссылку на создание экземпляров функции шаблон при компиляции "_FwdIt std::_Uninit_copy<_InIt,_FwdIt,std::allocator<_Ty>>(_InIt,_InIt,_FwdIt,std::_Wrap_alloc<std::allocator<_Ty>> &,std::_Nonscalar_ptr_iterator_tag)"
                 with
                 [
                     _FwdIt=std::complex<double> *
         ,            _InIt=const __int64 *
         ,            _Ty=std::complex<double>
                 ]
                 c:\program files (x86)\microsoft visual studio 12.0\vc\include\xmemory(427): см. ссылку на создание экземпляров функции шаблон при компиляции "_FwdIt std::_Uninit_copy<const __int64*,_Iter,_Alloc>(_InIt,_InIt,_FwdIt,_Alloc &)"
                 with
                 [
                     _FwdIt=std::complex<double> *
         ,            _Iter=std::complex<double> *
         ,            _Alloc=std::_Wrap_alloc<std::allocator<std::complex<double>>>
         ,            _InIt=const __int64 *
                 ]
                 c:\program files (x86)\microsoft visual studio 12.0\vc\include\vector(1640): см. ссылку на создание экземпляров функции шаблон при компиляции "_FwdIt std::_Uninitialized_copy<_Iter,std::complex<double>*,std::_Wrap_alloc<std::allocator<_Ty>>>(_InIt,_InIt,_FwdIt,_Alloc &)"
                 with
                 [
                     _FwdIt=std::complex<double> *
         ,            _Iter=std::_Vector_const_iterator<std::_Vector_val<std::_Simple_types<__int64>>>
         ,            _Ty=std::complex<double>
         ,            _InIt=std::_Vector_const_iterator<std::_Vector_val<std::_Simple_types<__int64>>>
         ,            _Alloc=std::_Wrap_alloc<std::allocator<std::complex<double>>>
                 ]
                 c:\program files (x86)\microsoft visual studio 12.0\vc\include\vector(789): см. ссылку на создание экземпляров функции шаблон при компиляции "std::complex<double> *std::vector<std::complex<double>,std::allocator<_Ty>>::_Ucopy<_Iter>(_Iter,_Iter,std::complex<double> *)"
                 with
                 [
                     _Ty=std::complex<double>
         ,            _Iter=std::_Vector_const_iterator<std::_Vector_val<std::_Simple_types<__int64>>>
                 ]
                 c:\program files (x86)\microsoft visual studio 12.0\vc\include\vector(789): см. ссылку на создание экземпляров функции шаблон при компиляции "std::complex<double> *std::vector<std::complex<double>,std::allocator<_Ty>>::_Ucopy<_Iter>(_Iter,_Iter,std::complex<double> *)"
                 with
                 [
                     _Ty=std::complex<double>
         ,            _Iter=std::_Vector_const_iterator<std::_Vector_val<std::_Simple_types<__int64>>>
                 ]
                 c:\program files (x86)\microsoft visual studio 12.0\vc\include\vector(766): см. ссылку на создание экземпляров функции шаблон при компиляции "void std::vector<std::complex<double>,std::allocator<_Ty>>::_Construct<_Iter>(_Iter,_Iter,std::forward_iterator_tag)"
                 with
                 [
                     _Ty=std::complex<double>
         ,            _Iter=std::_Vector_const_iterator<std::_Vector_val<std::_Simple_types<__int64>>>
                 ]
                 c:\program files (x86)\microsoft visual studio 12.0\vc\include\vector(766): см. ссылку на создание экземпляров функции шаблон при компиляции "void std::vector<std::complex<double>,std::allocator<_Ty>>::_Construct<_Iter>(_Iter,_Iter,std::forward_iterator_tag)"
                 with
                 [
                     _Ty=std::complex<double>
         ,            _Iter=std::_Vector_const_iterator<std::_Vector_val<std::_Simple_types<__int64>>>
                 ]
                 c:\program files (x86)\microsoft visual studio 12.0\vc\include\vector(751): см. ссылку на создание экземпляров функции шаблон при компиляции "void std::vector<std::complex<double>,std::allocator<_Ty>>::_Construct<_Iter>(_Iter,_Iter)"
                 with
                 [
                     _Ty=std::complex<double>
         ,            _Iter=std::_Vector_const_iterator<std::_Vector_val<std::_Simple_types<__int64>>>
                 ]
                 c:\program files (x86)\microsoft visual studio 12.0\vc\include\vector(751): см. ссылку на создание экземпляров функции шаблон при компиляции "void std::vector<std::complex<double>,std::allocator<_Ty>>::_Construct<_Iter>(_Iter,_Iter)"
                 with
                 [
                     _Ty=std::complex<double>
         ,            _Iter=std::_Vector_const_iterator<std::_Vector_val<std::_Simple_types<__int64>>>
                 ]
                 e:\програми\diploma\copy\quickauthentication.v2\quickauthentication\operations.cpp(108): см. ссылку на создание экземпляров функции шаблон при компиляции "std::vector<std::complex<double>,std::allocator<_Ty>>::vector<std::_Vector_const_iterator<std::_Vector_val<std::_Simple_types<__int64>>>,void>(_Iter,_Iter)"
                 with
                 [
                     _Ty=std::complex<double>
         ,            _Iter=std::_Vector_const_iterator<std::_Vector_val<std::_Simple_types<__int64>>>
                 ]
                 e:\програми\diploma\copy\quickauthentication.v2\quickauthentication\operations.cpp(108): см. ссылку на создание экземпляров функции шаблон при компиляции "std::vector<std::complex<double>,std::allocator<_Ty>>::vector<std::_Vector_const_iterator<std::_Vector_val<std::_Simple_types<__int64>>>,void>(_Iter,_Iter)"
                 with
                 [
                     _Ty=std::complex<double>
         ,            _Iter=std::_Vector_const_iterator<std::_Vector_val<std::_Simple_types<__int64>>>
                 ]
         Main.cpp
     1>e:\програми\diploma\copy\quickauthentication.v2\quickauthentication\main.cpp(5): warning C4244: аргумент: преобразование "time_t" в "unsigned int", возможна потеря данных
         Cryptography.cpp
         Convert.cpp
     1>e:\програми\diploma\copy\quickauthentication.v2\quickauthentication\convert.cpp(24): warning C4018: <: несоответствие типов со знаком и без знака
     1>e:\програми\diploma\copy\quickauthentication.v2\quickauthentication\convert.cpp(94): warning C4018: <=: несоответствие типов со знаком и без знака
     1>e:\програми\diploma\copy\quickauthentication.v2\quickauthentication\convert.cpp(101): warning C4018: <: несоответствие типов со знаком и без знака
     1>e:\програми\diploma\copy\quickauthentication.v2\quickauthentication\convert.cpp(114): warning C4018: <: несоответствие типов со знаком и без знака
     1>e:\програми\diploma\copy\quickauthentication.v2\quickauthentication\convert.cpp(152): warning C4018: <: несоответствие типов со знаком и без знака
         ComparisonOperation.cpp
         ComparationOperationsWithSmallNumbers.cpp
         BitOperations.cpp
     1>e:\програми\diploma\copy\quickauthentication.v2\quickauthentication\bitoperations.cpp(29): warning C4018: >: несоответствие типов со знаком и без знака
     1>e:\програми\diploma\copy\quickauthentication.v2\quickauthentication\bitoperations.cpp(33): warning C4018: <: несоответствие типов со знаком и без знака
         Создание кода...
       Link:
         C:\Program Files (x86)\Microsoft Visual Studio 12.0\VC\bin\link.exe /ERRORREPORT:PROMPT /OUT:"E:\Програми\Diploma\Copy\QuickAuthentication.v2\Debug\QuickAuthentication.exe" /INCREMENTAL /NOLOGO kernel32.lib user32.lib gdi32.lib winspool.lib comdlg32.lib advapi32.lib shell32.lib ole32.lib oleaut32.lib uuid.lib odbc32.lib odbccp32.lib /MANIFEST /MANIFESTUAC:"level='asInvoker' uiAccess='false'" /manifest:embed /DEBUG /PDB:"E:\Програми\Diploma\Copy\QuickAuthentication.v2\Debug\QuickAuthentication.pdb" /SUBSYSTEM:CONSOLE /TLBID:1 /DYNAMICBASE /NXCOMPAT /IMPLIB:"E:\Програми\Diploma\Copy\QuickAuthentication.v2\Debug\QuickAuthentication.lib" /MACHINE:X86 Debug\BasicOperations.obj
         Debug\BitOperations.obj
         Debug\ComparationOperationsWithSmallNumbers.obj
         Debug\ComparisonOperation.obj
         Debug\Convert.obj
         Debug\Cryptography.obj
         Debug\HelpFunctions.obj
         Debug\Main.obj
         Debug\Operations.obj
         Debug\OperationsForVector.obj
         Debug\OperationsWithSmallNumbers.obj
         Debug\PrimeGenerator.obj
         QuickAuthentication.vcxproj -> E:\Програми\Diploma\Copy\QuickAuthentication.v2\Debug\QuickAuthentication.exe
     1>Сборка проекта "E:\Програми\Diploma\Copy\QuickAuthentication.v2\QuickAuthentication\QuickAuthentication.vcxproj" завершена (целевые объекты Build).

Сборка успешно завершена.

Затраченное время: 00:00:13.61
