c:\users\віктор\desktop\папка тані\quickauthentification-vertion2\quickauthentication.v2\quickauthentication\debug\vc140.pdb
c:\users\віктор\desktop\папка тані\quickauthentification-vertion2\quickauthentication.v2\quickauthentication\debug\vc140.idb
c:\users\віктор\desktop\папка тані\quickauthentification-vertion2\quickauthentication.v2\quickauthentication\debug\basicoperations.obj
c:\users\віктор\desktop\папка тані\quickauthentification-vertion2\quickauthentication.v2\quickauthentication\debug\bitoperations.obj
c:\users\віктор\desktop\папка тані\quickauthentification-vertion2\quickauthentication.v2\quickauthentication\debug\comparationoperationswithsmallnumbers.obj
c:\users\віктор\desktop\папка тані\quickauthentification-vertion2\quickauthentication.v2\quickauthentication\debug\comparisonoperation.obj
c:\users\віктор\desktop\папка тані\quickauthentification-vertion2\quickauthentication.v2\quickauthentication\debug\convert.obj
c:\users\віктор\desktop\папка тані\quickauthentification-vertion2\quickauthentication.v2\quickauthentication\debug\cryptography.obj
c:\users\віктор\desktop\папка тані\quickauthentification-vertion2\quickauthentication.v2\quickauthentication\debug\main.obj
c:\users\віктор\desktop\папка тані\quickauthentification-vertion2\quickauthentication.v2\quickauthentication\debug\operationsforvector.obj
c:\users\віктор\desktop\папка тані\quickauthentification-vertion2\quickauthentication.v2\quickauthentication\debug\operationswithsmallnumbers.obj
c:\users\віктор\desktop\папка тані\quickauthentification-vertion2\quickauthentication.v2\quickauthentication\debug\operations.obj
c:\users\віктор\desktop\папка тані\quickauthentification-vertion2\quickauthentication.v2\quickauthentication\debug\primegenerator.obj
c:\users\віктор\desktop\папка тані\quickauthentification-vertion2\quickauthentication.v2\debug\quickauthentication.ilk
c:\users\віктор\desktop\папка тані\quickauthentification-vertion2\quickauthentication.v2\debug\quickauthentication.exe
c:\users\віктор\desktop\папка тані\quickauthentification-vertion2\quickauthentication.v2\debug\quickauthentication.pdb
c:\users\віктор\desktop\папка тані\quickauthentification-vertion2\quickauthentication.v2\quickauthentication\debug\helpfunctions.obj
c:\users\віктор\desktop\папка тані\quickauthentification-vertion2\quickauthentication.v2\quickauthentication\debug\vc120.idb
c:\users\віктор\desktop\папка тані\quickauthentification-vertion2\quickauthentication.v2\quickauthentication\debug\vc120.pdb
c:\users\віктор\desktop\папка тані\quickauthentification-vertion2\quickauthentication.v2\quickauthentication\debug\quickaut.e79a5839.tlog\cl.command.1.tlog
c:\users\віктор\desktop\папка тані\quickauthentification-vertion2\quickauthentication.v2\quickauthentication\debug\quickaut.e79a5839.tlog\cl.read.1.tlog
c:\users\віктор\desktop\папка тані\quickauthentification-vertion2\quickauthentication.v2\quickauthentication\debug\quickaut.e79a5839.tlog\cl.write.1.tlog
c:\users\віктор\desktop\папка тані\quickauthentification-vertion2\quickauthentication.v2\quickauthentication\debug\quickaut.e79a5839.tlog\link.command.1.tlog
c:\users\віктор\desktop\папка тані\quickauthentification-vertion2\quickauthentication.v2\quickauthentication\debug\quickaut.e79a5839.tlog\link.read.1.tlog
c:\users\віктор\desktop\папка тані\quickauthentification-vertion2\quickauthentication.v2\quickauthentication\debug\quickaut.e79a5839.tlog\link.write.1.tlog
